<?xml version="1.0" encoding="UTF-8"?>
<!-- Generated by org.testng.reporters.JUnitReportReporter -->
<testsuite skipped="0" hostname="LAPTOP-MOTMPJ0P" name="com.automation.testcases.UserRegistrationTestcase" tests="1" failures="0" timestamp="03 Jul 2021 14:59:48 GMT" time="42.151" errors="0">
  <testcase name="verifyNewUsrerRegistration" time="42.151" classname="com.automation.testcases.UserRegistrationTestcase"/>
</testsuite> <!-- com.automation.testcases.UserRegistrationTestcase -->
