<?xml version="1.0" encoding="UTF-8"?>
<!-- Generated by org.testng.reporters.JUnitReportReporter -->
<testsuite skipped="0" hostname="LAPTOP-MOTMPJ0P" name="com.automation.testcases.VeriFyTestDataSetUp" tests="1" failures="0" timestamp="28 Jun 2021 10:59:42 GMT" time="0.016" errors="0">
  <testcase name="verify" time="0.016" classname="com.automation.testcases.VeriFyTestDataSetUp"/>
</testsuite> <!-- com.automation.testcases.VeriFyTestDataSetUp -->
