<?xml version="1.0" encoding="UTF-8"?>
<!-- Generated by org.testng.reporters.JUnitReportReporter -->
<testsuite skipped="0" hostname="LAPTOP-MOTMPJ0P" name="com.automation.testcases.UserRegistrationTestcaseForRegressionE2E" tests="1" failures="0" timestamp="09 Jul 2021 06:07:14 GMT" time="69.502" errors="0">
  <testcase name="verifyNewUsrerRegistration" time="69.502" classname="com.automation.testcases.UserRegistrationTestcaseForRegressionE2E"/>
</testsuite> <!-- com.automation.testcases.UserRegistrationTestcaseForRegressionE2E -->
