<?xml version="1.0" encoding="UTF-8"?>
<!-- Generated by org.testng.reporters.JUnitReportReporter -->
<testsuite skipped="0" hostname="LAPTOP-MOTMPJ0P" name="com.automation.testcases.UserRegistrationTestcase" tests="2" failures="0" timestamp="09 Jul 2021 04:21:24 GMT" time="63.857" errors="0">
  <testcase name="verifyNewUsrerRegistration" time="48.872" classname="com.automation.testcases.UserRegistrationTestcase"/>
  <testcase name="verifyAccountDeleteFunctionality" time="14.985" classname="com.automation.testcases.UserRegistrationTestcase"/>
</testsuite> <!-- com.automation.testcases.UserRegistrationTestcase -->
