<?xml version="1.0" encoding="UTF-8"?>
<!-- Generated by org.testng.reporters.JUnitReportReporter -->
<testsuite skipped="0" hostname="LAPTOP-MOTMPJ0P" name="com.automation.testcases.UserRegistrationTestcase" tests="2" failures="0" timestamp="07 Jul 2021 10:38:52 GMT" time="52.452" errors="0">
  <testcase name="verifyNewUsrerRegistration" time="45.723" classname="com.automation.testcases.UserRegistrationTestcase"/>
  <testcase name="verifyAccountDeleteFunctionality" time="6.729" classname="com.automation.testcases.UserRegistrationTestcase"/>
</testsuite> <!-- com.automation.testcases.UserRegistrationTestcase -->
