<?xml version="1.0" encoding="UTF-8"?>
<!-- Generated by org.testng.reporters.JUnitReportReporter -->
<testsuite skipped="0" hostname="LAPTOP-MOTMPJ0P" name="com.automation.testcases.UserRegistrationTestcase" tests="2" failures="0" timestamp="07 Jul 2021 10:17:46 GMT" time="83.979" errors="0">
  <testcase name="verifyNewUsrerRegistration" time="70.009" classname="com.automation.testcases.UserRegistrationTestcase"/>
  <testcase name="verifyAccountDeleteFunctionality" time="13.970" classname="com.automation.testcases.UserRegistrationTestcase"/>
</testsuite> <!-- com.automation.testcases.UserRegistrationTestcase -->
