<?xml version="1.0" encoding="UTF-8"?>
<!-- Generated by org.testng.reporters.JUnitReportReporter -->
<testsuite skipped="0" hostname="LAPTOP-MOTMPJ0P" name="com.automation.utils.NaukriLoginTest" tests="1" failures="0" timestamp="27 Jun 2021 12:09:59 GMT" time="21.161" errors="0">
  <testcase name="LoginTest" time="21.161" classname="com.automation.utils.NaukriLoginTest"/>
</testsuite> <!-- com.automation.utils.NaukriLoginTest -->
