<?xml version="1.0" encoding="UTF-8"?>
<!-- Generated by org.testng.reporters.JUnitReportReporter -->
<testsuite skipped="0" hostname="LAPTOP-MOTMPJ0P" name="com.automation.testcases.UserRegistrationTestcase" tests="2" failures="0" timestamp="07 Jul 2021 09:26:23 GMT" time="50.802" errors="0">
  <testcase name="verifyNewUsrerRegistration" time="39.797" classname="com.automation.testcases.UserRegistrationTestcase"/>
  <testcase name="verifyAccountDeleteFunctionality" time="11.005" classname="com.automation.testcases.UserRegistrationTestcase"/>
</testsuite> <!-- com.automation.testcases.UserRegistrationTestcase -->
